<?xml version='1.0' encoding='UTF-8'?>
<testsuite hostname="edb" name="cpu.ALUSpec" tests="1" errors="0" failures="0" skipped="0" time="21.135" timestamp="2021-11-21T15:42:03">
                     <properties>
[...]
</properties>
                     <testcase classname="cpu.ALUSpec" name="ALU Wave should pass" time="21.135">
                                                 
                                               </testcase>
                     <system-out><![CDATA[]]></system-out>
                     <system-err><![CDATA[]]></system-err>
                   </testsuite>