<?xml version='1.0' encoding='UTF-8'?>
<testsuite hostname="DESKTOP-I8TE7DD" name="PipedRVSpec" tests="27" errors="0" failures="0" skipped="0" time="21.442" timestamp="2023-12-04T02:16:05">
                     <properties>
[...]
</properties>
                     <testcase classname="PipedRVSpec" name="PipedRV addlarge should pass" time="3.796">
                                                 
                                               </testcase><testcase classname="PipedRVSpec" name="PipedRV addneg should pass" time="0.976">
                                                 
                                               </testcase><testcase classname="PipedRVSpec" name="PipedRV addpos should pass" time="0.969">
                                                 
                                               </testcase><testcase classname="PipedRVSpec" name="PipedRV bool should pass" time="0.859">
                                                 
                                               </testcase><testcase classname="PipedRVSpec" name="PipedRV set should pass" time="0.812">
                                                 
                                               </testcase><testcase classname="PipedRVSpec" name="PipedRV shift should pass" time="0.672">
                                                 
                                               </testcase><testcase classname="PipedRVSpec" name="PipedRV shift2 should pass" time="0.664">
                                                 
                                               </testcase><testcase classname="PipedRVSpec" name="PipedRV branchcnt should pass" time="0.656">
                                                 
                                               </testcase><testcase classname="PipedRVSpec" name="PipedRV branchmany should pass" time="0.599">
                                                 
                                               </testcase><testcase classname="PipedRVSpec" name="PipedRV branchtrap should pass" time="0.545">
                                                 
                                               </testcase><testcase classname="PipedRVSpec" name="PipedRV loop should pass" time="0.974">
                                                 
                                               </testcase><testcase classname="PipedRVSpec" name="PipedRV recursive should pass" time="0.937">
                                                 
                                               </testcase><testcase classname="PipedRVSpec" name="PipedRV width should pass" time="0.586">
                                                 
                                               </testcase><testcase classname="PipedRVSpec" name="PipedRV t1 should pass" time="0.563">
                                                 
                                               </testcase><testcase classname="PipedRVSpec" name="PipedRV t2 should pass" time="0.557">
                                                 
                                               </testcase><testcase classname="PipedRVSpec" name="PipedRV t3 should pass" time="0.634">
                                                 
                                               </testcase><testcase classname="PipedRVSpec" name="PipedRV t4 should pass" time="0.57">
                                                 
                                               </testcase><testcase classname="PipedRVSpec" name="PipedRV t5 should pass" time="0.553">
                                                 
                                               </testcase><testcase classname="PipedRVSpec" name="PipedRV t6 should pass" time="0.505">
                                                 
                                               </testcase><testcase classname="PipedRVSpec" name="PipedRV t7 should pass" time="0.529">
                                                 
                                               </testcase><testcase classname="PipedRVSpec" name="PipedRV t8 should pass" time="0.55">
                                                 
                                               </testcase><testcase classname="PipedRVSpec" name="PipedRV t9 should pass" time="0.577">
                                                 
                                               </testcase><testcase classname="PipedRVSpec" name="PipedRV t10 should pass" time="0.586">
                                                 
                                               </testcase><testcase classname="PipedRVSpec" name="PipedRV t11 should pass" time="0.54">
                                                 
                                               </testcase><testcase classname="PipedRVSpec" name="PipedRV t12 should pass" time="0.952">
                                                 
                                               </testcase><testcase classname="PipedRVSpec" name="PipedRV t13 should pass" time="0.794">
                                                 
                                               </testcase><testcase classname="PipedRVSpec" name="PipedRV t15 should pass" time="0.487">
                                                 
                                               </testcase>
                     <system-out><![CDATA[]]></system-out>
                     <system-err><![CDATA[]]></system-err>
                   </testsuite>