<?xml version='1.0' encoding='UTF-8'?>
<testsuite hostname="edb" name="PipedRVSpec" tests="27" errors="0" failures="0" skipped="0" time="38.569" timestamp="2021-12-05T18:35:22">
                     <properties>
[...]
</properties>
                     <testcase classname="PipedRVSpec" name="PipedRV addlarge should pass" time="7.473">
                                                 
                                               </testcase><testcase classname="PipedRVSpec" name="PipedRV addneg should pass" time="2.242">
                                                 
                                               </testcase><testcase classname="PipedRVSpec" name="PipedRV addpos should pass" time="1.267">
                                                 
                                               </testcase><testcase classname="PipedRVSpec" name="PipedRV bool should pass" time="1.209">
                                                 
                                               </testcase><testcase classname="PipedRVSpec" name="PipedRV set should pass" time="1.69">
                                                 
                                               </testcase><testcase classname="PipedRVSpec" name="PipedRV shift should pass" time="1.192">
                                                 
                                               </testcase><testcase classname="PipedRVSpec" name="PipedRV shift2 should pass" time="1.183">
                                                 
                                               </testcase><testcase classname="PipedRVSpec" name="PipedRV branchcnt should pass" time="2.062">
                                                 
                                               </testcase><testcase classname="PipedRVSpec" name="PipedRV branchmany should pass" time="1.699">
                                                 
                                               </testcase><testcase classname="PipedRVSpec" name="PipedRV branchtrap should pass" time="1.136">
                                                 
                                               </testcase><testcase classname="PipedRVSpec" name="PipedRV loop should pass" time="3.11">
                                                 
                                               </testcase><testcase classname="PipedRVSpec" name="PipedRV recursive should pass" time="1.335">
                                                 
                                               </testcase><testcase classname="PipedRVSpec" name="PipedRV width should pass" time="0.87">
                                                 
                                               </testcase><testcase classname="PipedRVSpec" name="PipedRV t1 should pass" time="0.806">
                                                 
                                               </testcase><testcase classname="PipedRVSpec" name="PipedRV t2 should pass" time="0.784">
                                                 
                                               </testcase><testcase classname="PipedRVSpec" name="PipedRV t3 should pass" time="0.821">
                                                 
                                               </testcase><testcase classname="PipedRVSpec" name="PipedRV t4 should pass" time="1.04">
                                                 
                                               </testcase><testcase classname="PipedRVSpec" name="PipedRV t5 should pass" time="1.024">
                                                 
                                               </testcase><testcase classname="PipedRVSpec" name="PipedRV t6 should pass" time="0.805">
                                                 
                                               </testcase><testcase classname="PipedRVSpec" name="PipedRV t7 should pass" time="1.094">
                                                 
                                               </testcase><testcase classname="PipedRVSpec" name="PipedRV t8 should pass" time="0.702">
                                                 
                                               </testcase><testcase classname="PipedRVSpec" name="PipedRV t9 should pass" time="0.722">
                                                 
                                               </testcase><testcase classname="PipedRVSpec" name="PipedRV t10 should pass" time="0.659">
                                                 
                                               </testcase><testcase classname="PipedRVSpec" name="PipedRV t11 should pass" time="0.688">
                                                 
                                               </testcase><testcase classname="PipedRVSpec" name="PipedRV t12 should pass" time="1.229">
                                                 
                                               </testcase><testcase classname="PipedRVSpec" name="PipedRV t13 should pass" time="1.058">
                                                 
                                               </testcase><testcase classname="PipedRVSpec" name="PipedRV t15 should pass" time="0.669">
                                                 
                                               </testcase>
                     <system-out><![CDATA[]]></system-out>
                     <system-err><![CDATA[]]></system-err>
                   </testsuite>