<?xml version='1.0' encoding='UTF-8'?>
<testsuite hostname="edb" name="cpu.CPUSpec" tests="1" errors="0" failures="1" skipped="0" time="0.619" timestamp="2021-11-20T16:22:00">
                     <properties>
      <property name="jline.esc.timeout" value="0"/><property name="jna.platform.library.path" value="/usr/lib:/usr/lib"/><property name="java.runtime.name" value="OpenJDK Runtime Environment"/><property name="sun.boot.library.path" value="/Library/Java/JavaVirtualMachines/adoptopenjdk-8.jdk/Contents/Home/jre/lib"/><property name="java.vm.version" value="25.282-b08"/><property name="gopherProxySet" value="false"/><property name="java.vm.vendor" value="AdoptOpenJDK"/><property name="java.vendor.url" value="https://adoptopenjdk.net/"/><property name="path.separator" value=":"/><property name="jna.loaded" value="true"/><property name="java.vm.name" value="OpenJDK 64-Bit Server VM"/><property name="file.encoding.pkg" value="sun.io"/><property name="user.country" value="DK"/><property name="sun.java.launcher" value="SUN_STANDARD"/><property name="sun.os.patch.level" value="unknown"/><property name="jna.nosys" value="true"/><property name="java.vm.specification.name" value="Java Virtual Machine Specification"/><property name="user.dir" value="/Users/farfar/Desktop/PipeRV"/><property name="java.runtime.version" value="1.8.0_282-b08"/><property name="java.awt.graphicsenv" value="sun.awt.CGraphicsEnvironment"/><property name="idea.managed" value="true"/><property name="java.endorsed.dirs" value="/Library/Java/JavaVirtualMachines/adoptopenjdk-8.jdk/Contents/Home/jre/lib/endorsed"/><property name="os.arch" value="x86_64"/><property name="java.io.tmpdir" value="/var/folders/ts/tbf9gw9x4fl67f3jvby05tv00000gn/T/"/><property name="line.separator" value="
"/><property name="java.vm.specification.vendor" value="Oracle Corporation"/><property name="log4j.ignoreTCL" value="true"/><property name="os.name" value="Mac OS X"/><property name="sun.jnu.encoding" value="UTF-8"/><property name="jnidispatch.path" value="/Users/farfar/Library/Caches/JNA/temp/jna1137732003171241446.tmp"/><property name="java.library.path" value="/Users/farfar/Library/Java/Extensions:/Library/Java/Extensions:/Network/Library/Java/Extensions:/System/Library/Java/Extensions:/usr/lib/java:."/><property name="java.specification.name" value="Java Platform API Specification"/><property name="java.class.version" value="52.0"/><property name="sun.management.compiler" value="HotSpot 64-Bit Tiered Compilers"/><property name="os.version" value="10.16"/><property name="swoval.tmpdir" value="/Users/farfar/.sbt/1.0"/><property name="user.home" value="/Users/farfar"/><property name="user.timezone" value="Europe/Copenhagen"/><property name="java.awt.printerjob" value="sun.lwawt.macosx.CPrinterJob"/><property name="file.encoding" value="UTF-8"/><property name="java.specification.version" value="1.8"/><property name="java.class.path" value="/Users/farfar/Library/Application Support/JetBrains/IdeaIC2020.3/plugins/Scala/launcher/sbt-launch.jar"/><property name="user.name" value="farfar"/><property name="jline.shutdownhook" value="false"/><property name="java.vm.specification.version" value="1.8"/><property name="sun.java.command" value="/Users/farfar/Library/Application Support/JetBrains/IdeaIC2020.3/plugins/Scala/launcher/sbt-launch.jar early(addPluginSbtFile=&quot;&quot;&quot;/private/var/folders/ts/tbf9gw9x4fl67f3jvby05tv00000gn/T/idea.sbt&quot;&quot;&quot;) ; set ideaPort in Global := 50940 ; idea-shell"/><property name="java.home" value="/Library/Java/JavaVirtualMachines/adoptopenjdk-8.jdk/Contents/Home/jre"/><property name="sun.arch.data.model" value="64"/><property name="user.language" value="da"/><property name="java.specification.vendor" value="Oracle Corporation"/><property name="awt.toolkit" value="sun.lwawt.macosx.LWCToolkit"/><property name="java.vm.info" value="mixed mode"/><property name="java.version" value="1.8.0_282"/><property name="java.ext.dirs" value="/Users/farfar/Library/Java/Extensions:/Library/Java/JavaVirtualMachines/adoptopenjdk-8.jdk/Contents/Home/jre/lib/ext:/Library/Java/Extensions:/Network/Library/Java/Extensions:/System/Library/Java/Extensions:/usr/lib/java"/><property name="sun.boot.class.path" value="/Library/Java/JavaVirtualMachines/adoptopenjdk-8.jdk/Contents/Home/jre/lib/resources.jar:/Library/Java/JavaVirtualMachines/adoptopenjdk-8.jdk/Contents/Home/jre/lib/rt.jar:/Library/Java/JavaVirtualMachines/adoptopenjdk-8.jdk/Contents/Home/jre/lib/sunrsasign.jar:/Library/Java/JavaVirtualMachines/adoptopenjdk-8.jdk/Contents/Home/jre/lib/jsse.jar:/Library/Java/JavaVirtualMachines/adoptopenjdk-8.jdk/Contents/Home/jre/lib/jce.jar:/Library/Java/JavaVirtualMachines/adoptopenjdk-8.jdk/Contents/Home/jre/lib/charsets.jar:/Library/Java/JavaVirtualMachines/adoptopenjdk-8.jdk/Contents/Home/jre/lib/jfr.jar:/Library/Java/JavaVirtualMachines/adoptopenjdk-8.jdk/Contents/Home/jre/classes"/><property name="java.vendor" value="AdoptOpenJDK"/><property name="file.separator" value="/"/><property name="java.vendor.url.bug" value="https://github.com/AdoptOpenJDK/openjdk-support/issues"/><property name="sbt.supershell" value="false"/><property name="sun.io.unicode.encoding" value="UnicodeBig"/><property name="sun.cpu.endian" value="little"/><property name="sun.cpu.isalist" value=""/>
    </properties>
                     <testcase classname="cpu.CPUSpec" name="CPU Wave should pass" time="0.619">
                                                 <failure message="Exception thrown when elaborating ChiselGeneratorAnnotation" type="chisel3.internal.ChiselException">chisel3.internal.ChiselException: Exception thrown when elaborating ChiselGeneratorAnnotation
	at chisel3.stage.ChiselGeneratorAnnotation.elaborate(ChiselAnnotations.scala:65)
	at chisel3.stage.phases.Elaborate.$anonfun$transform$1(Elaborate.scala:24)
	at scala.collection.immutable.List.flatMap(List.scala:366)
	at chisel3.stage.phases.Elaborate.transform(Elaborate.scala:23)
	at chisel3.iotesters.setupTreadleBackend$.apply(TreadleBackend.scala:148)
	at chisel3.iotesters.Driver$.$anonfun$execute$2(Driver.scala:54)
	at scala.runtime.java8.JFunction0$mcZ$sp.apply(JFunction0$mcZ$sp.java:23)
	at logger.Logger$.$anonfun$makeScope$2(Logger.scala:166)
	at scala.util.DynamicVariable.withValue(DynamicVariable.scala:62)
	at logger.Logger$.makeScope(Logger.scala:164)
	at logger.Logger$.makeScope(Logger.scala:127)
	at chisel3.iotesters.Driver$.$anonfun$execute$1(Driver.scala:39)
	at scala.runtime.java8.JFunction0$mcZ$sp.apply(JFunction0$mcZ$sp.java:23)
	at scala.util.DynamicVariable.withValue(DynamicVariable.scala:62)
	at chisel3.iotesters.Driver$.execute(Driver.scala:39)
	at chisel3.iotesters.Driver$.execute(Driver.scala:103)
	at cpu.CPUSpec.$anonfun$new$2(CPUSpec.scala:14)
	at org.scalatest.OutcomeOf.outcomeOf(OutcomeOf.scala:85)
	at org.scalatest.OutcomeOf.outcomeOf$(OutcomeOf.scala:83)
	at org.scalatest.OutcomeOf$.outcomeOf(OutcomeOf.scala:104)
	at org.scalatest.Transformer.apply(Transformer.scala:22)
	at org.scalatest.Transformer.apply(Transformer.scala:20)
	at org.scalatest.FlatSpecLike$$anon$5.apply(FlatSpecLike.scala:1682)
	at org.scalatest.TestSuite.withFixture(TestSuite.scala:196)
	at org.scalatest.TestSuite.withFixture$(TestSuite.scala:195)
	at org.scalatest.FlatSpec.withFixture(FlatSpec.scala:1685)
	at org.scalatest.FlatSpecLike.invokeWithFixture$1(FlatSpecLike.scala:1680)
	at org.scalatest.FlatSpecLike.$anonfun$runTest$1(FlatSpecLike.scala:1692)
	at org.scalatest.SuperEngine.runTestImpl(Engine.scala:286)
	at org.scalatest.FlatSpecLike.runTest(FlatSpecLike.scala:1692)
	at org.scalatest.FlatSpecLike.runTest$(FlatSpecLike.scala:1674)
	at org.scalatest.FlatSpec.runTest(FlatSpec.scala:1685)
	at org.scalatest.FlatSpecLike.$anonfun$runTests$1(FlatSpecLike.scala:1750)
	at org.scalatest.SuperEngine.$anonfun$runTestsInBranch$1(Engine.scala:393)
	at scala.collection.immutable.List.foreach(List.scala:431)
	at org.scalatest.SuperEngine.traverseSubNodes$1(Engine.scala:381)
	at org.scalatest.SuperEngine.runTestsInBranch(Engine.scala:370)
	at org.scalatest.SuperEngine.$anonfun$runTestsInBranch$1(Engine.scala:407)
	at scala.collection.immutable.List.foreach(List.scala:431)
	at org.scalatest.SuperEngine.traverseSubNodes$1(Engine.scala:381)
	at org.scalatest.SuperEngine.runTestsInBranch(Engine.scala:376)
	at org.scalatest.SuperEngine.runTestsImpl(Engine.scala:458)
	at org.scalatest.FlatSpecLike.runTests(FlatSpecLike.scala:1750)
	at org.scalatest.FlatSpecLike.runTests$(FlatSpecLike.scala:1749)
	at org.scalatest.FlatSpec.runTests(FlatSpec.scala:1685)
	at org.scalatest.Suite.run(Suite.scala:1124)
	at org.scalatest.Suite.run$(Suite.scala:1106)
	at org.scalatest.FlatSpec.org$scalatest$FlatSpecLike$$super$run(FlatSpec.scala:1685)
	at org.scalatest.FlatSpecLike.$anonfun$run$1(FlatSpecLike.scala:1795)
	at org.scalatest.SuperEngine.runImpl(Engine.scala:518)
	at org.scalatest.FlatSpecLike.run(FlatSpecLike.scala:1795)
	at org.scalatest.FlatSpecLike.run$(FlatSpecLike.scala:1793)
	at org.scalatest.FlatSpec.run(FlatSpec.scala:1685)
	at org.scalatest.tools.Framework.org$scalatest$tools$Framework$$runSuite(Framework.scala:317)
	at org.scalatest.tools.Framework$ScalaTestTask.execute(Framework.scala:510)
	at sbt.TestRunner.runTest$1(TestFramework.scala:139)
	at sbt.TestRunner.run(TestFramework.scala:154)
	at sbt.TestFramework$$anon$3$$anonfun$$lessinit$greater$1.$anonfun$apply$1(TestFramework.scala:317)
	at sbt.TestFramework$.sbt$TestFramework$$withContextLoader(TestFramework.scala:277)
	at sbt.TestFramework$$anon$3$$anonfun$$lessinit$greater$1.apply(TestFramework.scala:317)
	at sbt.TestFramework$$anon$3$$anonfun$$lessinit$greater$1.apply(TestFramework.scala:317)
	at sbt.TestFunction.apply(TestFramework.scala:329)
	at sbt.Tests$.$anonfun$toTask$1(Tests.scala:422)
	at sbt.std.Transform$$anon$3.$anonfun$apply$2(Transform.scala:46)
	at sbt.std.Transform$$anon$4.work(Transform.scala:68)
	at sbt.Execute.$anonfun$submit$2(Execute.scala:282)
	at sbt.internal.util.ErrorHandling$.wideConvert(ErrorHandling.scala:23)
	at sbt.Execute.work(Execute.scala:291)
	at sbt.Execute.$anonfun$submit$1(Execute.scala:282)
	at sbt.ConcurrentRestrictions$$anon$4.$anonfun$submitValid$1(ConcurrentRestrictions.scala:265)
	at sbt.CompletionService$$anon$2.call(CompletionService.scala:64)
	at java.util.concurrent.FutureTask.run(FutureTask.java:266)
	at java.util.concurrent.Executors$RunnableAdapter.call(Executors.java:511)
	at java.util.concurrent.FutureTask.run(FutureTask.java:266)
	at java.util.concurrent.ThreadPoolExecutor.runWorker(ThreadPoolExecutor.java:1149)
	at java.util.concurrent.ThreadPoolExecutor$Worker.run(ThreadPoolExecutor.java:624)
	at java.lang.Thread.run(Thread.java:748)
Caused by: java.lang.IllegalArgumentException: requirement failed: UInt literal -128 is negative
	at scala.Predef$.require(Predef.scala:281)
	at chisel3.internal.firrtl.ULit.&lt;init&gt;(IR.scala:109)
	at chisel3.UIntFactory.Lit(UIntFactory.scala:19)
	at chisel3.UIntFactory.Lit$(UIntFactory.scala:18)
	at chisel3.package$UInt$.Lit(package.scala:164)
	at chisel3.package$fromBigIntToLiteral.U(package.scala:46)
	at cpu.InstructionMemory.$anonfun$rom$3(InstructionMemory.scala:24)
	at cpu.InstructionMemory.$anonfun$rom$3$adapted(InstructionMemory.scala:24)
	at scala.collection.TraversableLike.$anonfun$map$1(TraversableLike.scala:285)
	at scala.collection.IndexedSeqOptimized.foreach(IndexedSeqOptimized.scala:36)
	at scala.collection.IndexedSeqOptimized.foreach$(IndexedSeqOptimized.scala:33)
	at scala.collection.mutable.ArrayOps$ofByte.foreach(ArrayOps.scala:210)
	at scala.collection.TraversableLike.map(TraversableLike.scala:285)
	at scala.collection.TraversableLike.map$(TraversableLike.scala:278)
	at scala.collection.mutable.ArrayOps$ofByte.map(ArrayOps.scala:210)
	at cpu.InstructionMemory.$anonfun$rom$2(InstructionMemory.scala:24)
	at chisel3.internal.prefix$.apply(prefix.scala:49)
	at cpu.InstructionMemory.$anonfun$rom$1(InstructionMemory.scala:24)
	at chisel3.internal.plugin.package$.autoNameRecursively(package.scala:52)
	at cpu.InstructionMemory.&lt;init&gt;(InstructionMemory.scala:24)
	at cpu.CPU.$anonfun$instMem$2(CPU.scala:54)
	at chisel3.Module$.do_apply(Module.scala:54)
	at cpu.CPU.$anonfun$instMem$1(CPU.scala:54)
	at chisel3.internal.plugin.package$.autoNameRecursively(package.scala:52)
	at cpu.CPU.&lt;init&gt;(CPU.scala:54)
	at cpu.CPUSpec.$anonfun$new$3(CPUSpec.scala:14)
	at chisel3.Module$.do_apply(Module.scala:54)
	at chisel3.stage.ChiselGeneratorAnnotation.$anonfun$elaborate$1(ChiselAnnotations.scala:60)
	at chisel3.internal.Builder$.$anonfun$build$1(Builder.scala:642)
	at scala.util.DynamicVariable.withValue(DynamicVariable.scala:62)
	at chisel3.internal.Builder$.build(Builder.scala:639)
	at chisel3.internal.Builder$.build(Builder.scala:635)
	at chisel3.stage.ChiselGeneratorAnnotation.elaborate(ChiselAnnotations.scala:60)
	... 76 more
</failure>
                                               </testcase>
                     <system-out><![CDATA[]]></system-out>
                     <system-err><![CDATA[]]></system-err>
                   </testsuite>