[0m[[0m[0mdebug[0m] [0m[0m> Exec(testOnly PipedRVSpec, None, None)[0m
[0m[[0m[0mdebug[0m] [0m[0mEvaluating tasks: Test / testOnly[0m
[0m[[0m[0mdebug[0m] [0m[0mRunning task... Cancel: Signal, check cycles: false, forcegc: true[0m
[0m[[0m[0minfo[0m] [0m[0mcompiling 12 Scala sources to /Users/farfar/Desktop/PipeRV/target/scala-2.12/classes ...[0m
[0m[[0m[0minfo[0m] [0m[0mdone compiling[0m
[0m[[0m[0minfo[0m] [0m[0mcompiling 1 Scala source to /Users/farfar/Desktop/PipeRV/target/scala-2.12/test-classes ...[0m
[0m[[0m[0minfo[0m] [0m[0mdone compiling[0m
[0m[[0m[0minfo[0m] [0m[0m[32mPipedRVSpec:[0m[0m
[0m[[0m[0minfo[0m] [0m[0m[32mPipedRVaddlarge[0m[0m
[0m[[0m[0minfo[0m] [0m[0m[31m- should pass *** FAILED ***[0m[0m
[0m[[0m[0minfo[0m] [0m[0m[31m  java.lang.Exception: Problem with compilation[0m[0m
[0m[[0m[0minfo[0m] [0m[0m[31m  at chisel3.iotesters.setupFirrtlTerpBackend$.apply(FirrtlTerpBackend.scala:148)[0m[0m
[0m[[0m[0minfo[0m] [0m[0m[31m  at chisel3.iotesters.Driver$.$anonfun$execute$2(Driver.scala:52)[0m[0m
[0m[[0m[0minfo[0m] [0m[0m[31m  at scala.runtime.java8.JFunction0$mcZ$sp.apply(JFunction0$mcZ$sp.java:23)[0m[0m
[0m[[0m[0minfo[0m] [0m[0m[31m  at logger.Logger$.$anonfun$makeScope$2(Logger.scala:166)[0m[0m
[0m[[0m[0minfo[0m] [0m[0m[31m  at scala.util.DynamicVariable.withValue(DynamicVariable.scala:62)[0m[0m
[0m[[0m[0minfo[0m] [0m[0m[31m  at logger.Logger$.makeScope(Logger.scala:164)[0m[0m
[0m[[0m[0minfo[0m] [0m[0m[31m  at logger.Logger$.makeScope(Logger.scala:127)[0m[0m
[0m[[0m[0minfo[0m] [0m[0m[31m  at chisel3.iotesters.Driver$.$anonfun$execute$1(Driver.scala:39)[0m[0m
[0m[[0m[0minfo[0m] [0m[0m[31m  at scala.runtime.java8.JFunction0$mcZ$sp.apply(JFunction0$mcZ$sp.java:23)[0m[0m
[0m[[0m[0minfo[0m] [0m[0m[31m  at scala.util.DynamicVariable.withValue(DynamicVariable.scala:62)[0m[0m
[0m[[0m[0minfo[0m] [0m[0m[31m  ...[0m[0m
[0m[[0m[0minfo[0m] [0m[0m[32mPipedRVaddpos[0m[0m
[0m[[0m[0minfo[0m] [0m[0m[31m- should pass *** FAILED ***[0m[0m
[0m[[0m[0minfo[0m] [0m[0m[31m  java.lang.Exception: Problem with compilation[0m[0m
[0m[[0m[0minfo[0m] [0m[0m[31m  at chisel3.iotesters.setupFirrtlTerpBackend$.apply(FirrtlTerpBackend.scala:148)[0m[0m
[0m[[0m[0minfo[0m] [0m[0m[31m  at chisel3.iotesters.Driver$.$anonfun$execute$2(Driver.scala:52)[0m[0m
[0m[[0m[0minfo[0m] [0m[0m[31m  at scala.runtime.java8.JFunction0$mcZ$sp.apply(JFunction0$mcZ$sp.java:23)[0m[0m
[0m[[0m[0minfo[0m] [0m[0m[31m  at logger.Logger$.$anonfun$makeScope$2(Logger.scala:166)[0m[0m
[0m[[0m[0minfo[0m] [0m[0m[31m  at scala.util.DynamicVariable.withValue(DynamicVariable.scala:62)[0m[0m
[0m[[0m[0minfo[0m] [0m[0m[31m  at logger.Logger$.makeScope(Logger.scala:164)[0m[0m
[0m[[0m[0minfo[0m] [0m[0m[31m  at logger.Logger$.makeScope(Logger.scala:127)[0m[0m
[0m[[0m[0minfo[0m] [0m[0m[31m  at chisel3.iotesters.Driver$.$anonfun$execute$1(Driver.scala:39)[0m[0m
[0m[[0m[0minfo[0m] [0m[0m[31m  at scala.runtime.java8.JFunction0$mcZ$sp.apply(JFunction0$mcZ$sp.java:23)[0m[0m
[0m[[0m[0minfo[0m] [0m[0m[31m  at scala.util.DynamicVariable.withValue(DynamicVariable.scala:62)[0m[0m
[0m[[0m[0minfo[0m] [0m[0m[31m  ...[0m[0m
[0m[[0m[0minfo[0m] [0m[0m[32mPipedRVbranchmany[0m[0m
[0m[[0m[0minfo[0m] [0m[0m[31m- should pass *** FAILED ***[0m[0m
[0m[[0m[0minfo[0m] [0m[0m[31m  java.lang.Exception: Problem with compilation[0m[0m
[0m[[0m[0minfo[0m] [0m[0m[31m  at chisel3.iotesters.setupFirrtlTerpBackend$.apply(FirrtlTerpBackend.scala:148)[0m[0m
[0m[[0m[0minfo[0m] [0m[0m[31m  at chisel3.iotesters.Driver$.$anonfun$execute$2(Driver.scala:52)[0m[0m
[0m[[0m[0minfo[0m] [0m[0m[31m  at scala.runtime.java8.JFunction0$mcZ$sp.apply(JFunction0$mcZ$sp.java:23)[0m[0m
[0m[[0m[0minfo[0m] [0m[0m[31m  at logger.Logger$.$anonfun$makeScope$2(Logger.scala:166)[0m[0m
[0m[[0m[0minfo[0m] [0m[0m[31m  at scala.util.DynamicVariable.withValue(DynamicVariable.scala:62)[0m[0m
[0m[[0m[0minfo[0m] [0m[0m[31m  at logger.Logger$.makeScope(Logger.scala:164)[0m[0m
[0m[[0m[0minfo[0m] [0m[0m[31m  at logger.Logger$.makeScope(Logger.scala:127)[0m[0m
[0m[[0m[0minfo[0m] [0m[0m[31m  at chisel3.iotesters.Driver$.$anonfun$execute$1(Driver.scala:39)[0m[0m
[0m[[0m[0minfo[0m] [0m[0m[31m  at scala.runtime.java8.JFunction0$mcZ$sp.apply(JFunction0$mcZ$sp.java:23)[0m[0m
[0m[[0m[0minfo[0m] [0m[0m[31m  at scala.util.DynamicVariable.withValue(DynamicVariable.scala:62)[0m[0m
[0m[[0m[0minfo[0m] [0m[0m[31m  ...[0m[0m
[0m[[0m[0minfo[0m] [0m[0m[32mPipedRVloop[0m[0m
[0m[[0m[0minfo[0m] [0m[0m[31m- should pass *** FAILED ***[0m[0m
[0m[[0m[0minfo[0m] [0m[0m[31m  java.lang.Exception: Problem with compilation[0m[0m
[0m[[0m[0minfo[0m] [0m[0m[31m  at chisel3.iotesters.setupFirrtlTerpBackend$.apply(FirrtlTerpBackend.scala:148)[0m[0m
[0m[[0m[0minfo[0m] [0m[0m[31m  at chisel3.iotesters.Driver$.$anonfun$execute$2(Driver.scala:52)[0m[0m
[0m[[0m[0minfo[0m] [0m[0m[31m  at scala.runtime.java8.JFunction0$mcZ$sp.apply(JFunction0$mcZ$sp.java:23)[0m[0m
[0m[[0m[0minfo[0m] [0m[0m[31m  at logger.Logger$.$anonfun$makeScope$2(Logger.scala:166)[0m[0m
[0m[[0m[0minfo[0m] [0m[0m[31m  at scala.util.DynamicVariable.withValue(DynamicVariable.scala:62)[0m[0m
[0m[[0m[0minfo[0m] [0m[0m[31m  at logger.Logger$.makeScope(Logger.scala:164)[0m[0m
[0m[[0m[0minfo[0m] [0m[0m[31m  at logger.Logger$.makeScope(Logger.scala:127)[0m[0m
[0m[[0m[0minfo[0m] [0m[0m[31m  at chisel3.iotesters.Driver$.$anonfun$execute$1(Driver.scala:39)[0m[0m
[0m[[0m[0minfo[0m] [0m[0m[31m  at scala.runtime.java8.JFunction0$mcZ$sp.apply(JFunction0$mcZ$sp.java:23)[0m[0m
[0m[[0m[0minfo[0m] [0m[0m[31m  at scala.util.DynamicVariable.withValue(DynamicVariable.scala:62)[0m[0m
[0m[[0m[0minfo[0m] [0m[0m[31m  ...[0m[0m
[0m[[0m[0minfo[0m] [0m[0mScalaTest[0m
[0m[[0m[0minfo[0m] [0m[0m[36mRun completed in 5 seconds, 821 milliseconds.[0m[0m
[0m[[0m[0minfo[0m] [0m[0m[36mTotal number of tests run: 4[0m[0m
[0m[[0m[0minfo[0m] [0m[0m[36mSuites: completed 1, aborted 0[0m[0m
[0m[[0m[0minfo[0m] [0m[0m[36mTests: succeeded 0, failed 4, canceled 0, ignored 0, pending 0[0m[0m
[0m[[0m[0minfo[0m] [0m[0m[31m*** 4 TESTS FAILED ***[0m[0m
[0m[[0m[31merror[0m] [0m[0mFailed: Total 4, Failed 4, Errors 0, Passed 0[0m
[0m[[0m[31merror[0m] [0m[0mFailed tests:[0m
[0m[[0m[31merror[0m] [0m[0m	PipedRVSpec[0m
[0m[[0m[31merror[0m] [0m[0m(Test / [31mtestOnly[0m) sbt.TestsFailedException: Tests unsuccessful[0m
[0m[[0m[31merror[0m] [0m[0mTotal time: 26 s, completed 25-11-2021 10:48:07[0m
[0m[[0m[0mdebug[0m] [0m[0m> Exec(idea-shell, None, None)[0m
