[0m[[0m[0mdebug[0m] [0m[0m> Exec(testOnly PipedRVSpec, None, None)[0m
[0m[[0m[0mdebug[0m] [0m[0mEvaluating tasks: Test / testOnly[0m
[0m[[0m[0mdebug[0m] [0m[0mRunning task... Cancel: Signal, check cycles: false, forcegc: true[0m
[0m[[0m[0minfo[0m] [0m[0mcompiling 1 Scala source to /Users/farfar/Desktop/PipeRV/target/scala-2.12/test-classes ...[0m
[0m[[0m[0minfo[0m] [0m[0mdone compiling[0m
[0m[[0m[0minfo[0m] [0m[0m[32mPipedRVSpec:[0m[0m
[0m[[0m[0minfo[0m] [0m[0m[32mPipedRV addlarge[0m[0m
[0m[[0m[0minfo[0m] [0m[0m[31m- should pass *** FAILED ***[0m[0m
[0m[[0m[0minfo[0m] [0m[0m[31m  java.io.FileNotFoundException: /Users/farfar/Desktop/tasks/addlargeout/addlarge.bin (No such file or directory)[0m[0m
[0m[[0m[0minfo[0m] [0m[0m[31m  at java.io.FileOutputStream.open0(Native Method)[0m[0m
[0m[[0m[0minfo[0m] [0m[0m[31m  at java.io.FileOutputStream.open(FileOutputStream.java:270)[0m[0m
[0m[[0m[0minfo[0m] [0m[0m[31m  at java.io.FileOutputStream.<init>(FileOutputStream.java:213)[0m[0m
[0m[[0m[0minfo[0m] [0m[0m[31m  at java.io.FileOutputStream.<init>(FileOutputStream.java:101)[0m[0m
[0m[[0m[0minfo[0m] [0m[0m[31m  at PipedRVTester.<init>(PipedRVSpec.scala:30)[0m[0m
[0m[[0m[0minfo[0m] [0m[0m[31m  at PipedRVSpec.$anonfun$new$7(PipedRVSpec.scala:42)[0m[0m
[0m[[0m[0minfo[0m] [0m[0m[31m  at chisel3.iotesters.Driver$.$anonfun$execute$4(Driver.scala:69)[0m[0m
[0m[[0m[0minfo[0m] [0m[0m[31m  at scala.runtime.java8.JFunction0$mcZ$sp.apply(JFunction0$mcZ$sp.java:23)[0m[0m
[0m[[0m[0minfo[0m] [0m[0m[31m  at scala.util.DynamicVariable.withValue(DynamicVariable.scala:62)[0m[0m
[0m[[0m[0minfo[0m] [0m[0m[31m  at chisel3.iotesters.Driver$.$anonfun$execute$2(Driver.scala:68)[0m[0m
[0m[[0m[0minfo[0m] [0m[0m[31m  ...[0m[0m
[0m[[0m[0minfo[0m] [0m[0m[32mPipedRV addneg[0m[0m
[0m[[0m[0minfo[0m] [0m[0m[31m- should pass *** FAILED ***[0m[0m
[0m[[0m[0minfo[0m] [0m[0m[31m  java.io.FileNotFoundException: /Users/farfar/Desktop/tasks/addnegout/addneg.bin (No such file or directory)[0m[0m
[0m[[0m[0minfo[0m] [0m[0m[31m  at java.io.FileOutputStream.open0(Native Method)[0m[0m
[0m[[0m[0minfo[0m] [0m[0m[31m  at java.io.FileOutputStream.open(FileOutputStream.java:270)[0m[0m
[0m[[0m[0minfo[0m] [0m[0m[31m  at java.io.FileOutputStream.<init>(FileOutputStream.java:213)[0m[0m
[0m[[0m[0minfo[0m] [0m[0m[31m  at java.io.FileOutputStream.<init>(FileOutputStream.java:101)[0m[0m
[0m[[0m[0minfo[0m] [0m[0m[31m  at PipedRVTester.<init>(PipedRVSpec.scala:30)[0m[0m
[0m[[0m[0minfo[0m] [0m[0m[31m  at PipedRVSpec.$anonfun$new$7(PipedRVSpec.scala:42)[0m[0m
[0m[[0m[0minfo[0m] [0m[0m[31m  at chisel3.iotesters.Driver$.$anonfun$execute$4(Driver.scala:69)[0m[0m
[0m[[0m[0minfo[0m] [0m[0m[31m  at scala.runtime.java8.JFunction0$mcZ$sp.apply(JFunction0$mcZ$sp.java:23)[0m[0m
[0m[[0m[0minfo[0m] [0m[0m[31m  at scala.util.DynamicVariable.withValue(DynamicVariable.scala:62)[0m[0m
[0m[[0m[0minfo[0m] [0m[0m[31m  at chisel3.iotesters.Driver$.$anonfun$execute$2(Driver.scala:68)[0m[0m
[0m[[0m[0minfo[0m] [0m[0m[31m  ...[0m[0m
[0m[[0m[0minfo[0m] [0m[0m[32mPipedRV addpos[0m[0m
[0m[[0m[0minfo[0m] [0m[0m[31m- should pass *** FAILED ***[0m[0m
[0m[[0m[0minfo[0m] [0m[0m[31m  java.io.FileNotFoundException: /Users/farfar/Desktop/tasks/addposout/addpos.bin (No such file or directory)[0m[0m
[0m[[0m[0minfo[0m] [0m[0m[31m  at java.io.FileOutputStream.open0(Native Method)[0m[0m
[0m[[0m[0minfo[0m] [0m[0m[31m  at java.io.FileOutputStream.open(FileOutputStream.java:270)[0m[0m
[0m[[0m[0minfo[0m] [0m[0m[31m  at java.io.FileOutputStream.<init>(FileOutputStream.java:213)[0m[0m
[0m[[0m[0minfo[0m] [0m[0m[31m  at java.io.FileOutputStream.<init>(FileOutputStream.java:101)[0m[0m
[0m[[0m[0minfo[0m] [0m[0m[31m  at PipedRVTester.<init>(PipedRVSpec.scala:30)[0m[0m
[0m[[0m[0minfo[0m] [0m[0m[31m  at PipedRVSpec.$anonfun$new$7(PipedRVSpec.scala:42)[0m[0m
[0m[[0m[0minfo[0m] [0m[0m[31m  at chisel3.iotesters.Driver$.$anonfun$execute$4(Driver.scala:69)[0m[0m
[0m[[0m[0minfo[0m] [0m[0m[31m  at scala.runtime.java8.JFunction0$mcZ$sp.apply(JFunction0$mcZ$sp.java:23)[0m[0m
[0m[[0m[0minfo[0m] [0m[0m[31m  at scala.util.DynamicVariable.withValue(DynamicVariable.scala:62)[0m[0m
[0m[[0m[0minfo[0m] [0m[0m[31m  at chisel3.iotesters.Driver$.$anonfun$execute$2(Driver.scala:68)[0m[0m
[0m[[0m[0minfo[0m] [0m[0m[31m  ...[0m[0m
[0m[[0m[0minfo[0m] [0m[0m[32mPipedRV bool[0m[0m
[0m[[0m[0minfo[0m] [0m[0m[31m- should pass *** FAILED ***[0m[0m
[0m[[0m[0minfo[0m] [0m[0m[31m  java.io.FileNotFoundException: /Users/farfar/Desktop/tasks/boolout/bool.bin (No such file or directory)[0m[0m
[0m[[0m[0minfo[0m] [0m[0m[31m  at java.io.FileOutputStream.open0(Native Method)[0m[0m
[0m[[0m[0minfo[0m] [0m[0m[31m  at java.io.FileOutputStream.open(FileOutputStream.java:270)[0m[0m
[0m[[0m[0minfo[0m] [0m[0m[31m  at java.io.FileOutputStream.<init>(FileOutputStream.java:213)[0m[0m
[0m[[0m[0minfo[0m] [0m[0m[31m  at java.io.FileOutputStream.<init>(FileOutputStream.java:101)[0m[0m
[0m[[0m[0minfo[0m] [0m[0m[31m  at PipedRVTester.<init>(PipedRVSpec.scala:30)[0m[0m
[0m[[0m[0minfo[0m] [0m[0m[31m  at PipedRVSpec.$anonfun$new$7(PipedRVSpec.scala:42)[0m[0m
[0m[[0m[0minfo[0m] [0m[0m[31m  at chisel3.iotesters.Driver$.$anonfun$execute$4(Driver.scala:69)[0m[0m
[0m[[0m[0minfo[0m] [0m[0m[31m  at scala.runtime.java8.JFunction0$mcZ$sp.apply(JFunction0$mcZ$sp.java:23)[0m[0m
[0m[[0m[0minfo[0m] [0m[0m[31m  at scala.util.DynamicVariable.withValue(DynamicVariable.scala:62)[0m[0m
[0m[[0m[0minfo[0m] [0m[0m[31m  at chisel3.iotesters.Driver$.$anonfun$execute$2(Driver.scala:68)[0m[0m
[0m[[0m[0minfo[0m] [0m[0m[31m  ...[0m[0m
[0m[[0m[0minfo[0m] [0m[0m[32mPipedRV set[0m[0m
[0m[[0m[0minfo[0m] [0m[0m[31m- should pass *** FAILED ***[0m[0m
[0m[[0m[0minfo[0m] [0m[0m[31m  java.io.FileNotFoundException: /Users/farfar/Desktop/tasks/setout/set.bin (No such file or directory)[0m[0m
[0m[[0m[0minfo[0m] [0m[0m[31m  at java.io.FileOutputStream.open0(Native Method)[0m[0m
[0m[[0m[0minfo[0m] [0m[0m[31m  at java.io.FileOutputStream.open(FileOutputStream.java:270)[0m[0m
[0m[[0m[0minfo[0m] [0m[0m[31m  at java.io.FileOutputStream.<init>(FileOutputStream.java:213)[0m[0m
[0m[[0m[0minfo[0m] [0m[0m[31m  at java.io.FileOutputStream.<init>(FileOutputStream.java:101)[0m[0m
[0m[[0m[0minfo[0m] [0m[0m[31m  at PipedRVTester.<init>(PipedRVSpec.scala:30)[0m[0m
[0m[[0m[0minfo[0m] [0m[0m[31m  at PipedRVSpec.$anonfun$new$7(PipedRVSpec.scala:42)[0m[0m
[0m[[0m[0minfo[0m] [0m[0m[31m  at chisel3.iotesters.Driver$.$anonfun$execute$4(Driver.scala:69)[0m[0m
[0m[[0m[0minfo[0m] [0m[0m[31m  at scala.runtime.java8.JFunction0$mcZ$sp.apply(JFunction0$mcZ$sp.java:23)[0m[0m
[0m[[0m[0minfo[0m] [0m[0m[31m  at scala.util.DynamicVariable.withValue(DynamicVariable.scala:62)[0m[0m
[0m[[0m[0minfo[0m] [0m[0m[31m  at chisel3.iotesters.Driver$.$anonfun$execute$2(Driver.scala:68)[0m[0m
[0m[[0m[0minfo[0m] [0m[0m[31m  ...[0m[0m
[0m[[0m[0minfo[0m] [0m[0m[32mPipedRV shift[0m[0m
[0m[[0m[0minfo[0m] [0m[0m[31m- should pass *** FAILED ***[0m[0m
[0m[[0m[0minfo[0m] [0m[0m[31m  java.io.FileNotFoundException: /Users/farfar/Desktop/tasks/shiftout/shift.bin (No such file or directory)[0m[0m
[0m[[0m[0minfo[0m] [0m[0m[31m  at java.io.FileOutputStream.open0(Native Method)[0m[0m
[0m[[0m[0minfo[0m] [0m[0m[31m  at java.io.FileOutputStream.open(FileOutputStream.java:270)[0m[0m
[0m[[0m[0minfo[0m] [0m[0m[31m  at java.io.FileOutputStream.<init>(FileOutputStream.java:213)[0m[0m
[0m[[0m[0minfo[0m] [0m[0m[31m  at java.io.FileOutputStream.<init>(FileOutputStream.java:101)[0m[0m
[0m[[0m[0minfo[0m] [0m[0m[31m  at PipedRVTester.<init>(PipedRVSpec.scala:30)[0m[0m
[0m[[0m[0minfo[0m] [0m[0m[31m  at PipedRVSpec.$anonfun$new$7(PipedRVSpec.scala:42)[0m[0m
[0m[[0m[0minfo[0m] [0m[0m[31m  at chisel3.iotesters.Driver$.$anonfun$execute$4(Driver.scala:69)[0m[0m
[0m[[0m[0minfo[0m] [0m[0m[31m  at scala.runtime.java8.JFunction0$mcZ$sp.apply(JFunction0$mcZ$sp.java:23)[0m[0m
[0m[[0m[0minfo[0m] [0m[0m[31m  at scala.util.DynamicVariable.withValue(DynamicVariable.scala:62)[0m[0m
[0m[[0m[0minfo[0m] [0m[0m[31m  at chisel3.iotesters.Driver$.$anonfun$execute$2(Driver.scala:68)[0m[0m
[0m[[0m[0minfo[0m] [0m[0m[31m  ...[0m[0m
[0m[[0m[0minfo[0m] [0m[0m[32mPipedRV shift2[0m[0m
[0m[[0m[0minfo[0m] [0m[0m[31m- should pass *** FAILED ***[0m[0m
[0m[[0m[0minfo[0m] [0m[0m[31m  java.io.FileNotFoundException: /Users/farfar/Desktop/tasks/shift2out/shift2.bin (No such file or directory)[0m[0m
[0m[[0m[0minfo[0m] [0m[0m[31m  at java.io.FileOutputStream.open0(Native Method)[0m[0m
[0m[[0m[0minfo[0m] [0m[0m[31m  at java.io.FileOutputStream.open(FileOutputStream.java:270)[0m[0m
[0m[[0m[0minfo[0m] [0m[0m[31m  at java.io.FileOutputStream.<init>(FileOutputStream.java:213)[0m[0m
[0m[[0m[0minfo[0m] [0m[0m[31m  at java.io.FileOutputStream.<init>(FileOutputStream.java:101)[0m[0m
[0m[[0m[0minfo[0m] [0m[0m[31m  at PipedRVTester.<init>(PipedRVSpec.scala:30)[0m[0m
[0m[[0m[0minfo[0m] [0m[0m[31m  at PipedRVSpec.$anonfun$new$7(PipedRVSpec.scala:42)[0m[0m
[0m[[0m[0minfo[0m] [0m[0m[31m  at chisel3.iotesters.Driver$.$anonfun$execute$4(Driver.scala:69)[0m[0m
[0m[[0m[0minfo[0m] [0m[0m[31m  at scala.runtime.java8.JFunction0$mcZ$sp.apply(JFunction0$mcZ$sp.java:23)[0m[0m
[0m[[0m[0minfo[0m] [0m[0m[31m  at scala.util.DynamicVariable.withValue(DynamicVariable.scala:62)[0m[0m
[0m[[0m[0minfo[0m] [0m[0m[31m  at chisel3.iotesters.Driver$.$anonfun$execute$2(Driver.scala:68)[0m[0m
[0m[[0m[0minfo[0m] [0m[0m[31m  ...[0m[0m
[0m[[0m[0minfo[0m] [0m[0m[32mPipedRV branchcnt[0m[0m
[0m[[0m[0minfo[0m] [0m[0m[31m- should pass *** FAILED ***[0m[0m
[0m[[0m[0minfo[0m] [0m[0m[31m  java.io.FileNotFoundException: /Users/farfar/Desktop/tasks/branchcntout/branchcnt.bin (No such file or directory)[0m[0m
[0m[[0m[0minfo[0m] [0m[0m[31m  at java.io.FileOutputStream.open0(Native Method)[0m[0m
[0m[[0m[0minfo[0m] [0m[0m[31m  at java.io.FileOutputStream.open(FileOutputStream.java:270)[0m[0m
[0m[[0m[0minfo[0m] [0m[0m[31m  at java.io.FileOutputStream.<init>(FileOutputStream.java:213)[0m[0m
[0m[[0m[0minfo[0m] [0m[0m[31m  at java.io.FileOutputStream.<init>(FileOutputStream.java:101)[0m[0m
[0m[[0m[0minfo[0m] [0m[0m[31m  at PipedRVTester.<init>(PipedRVSpec.scala:30)[0m[0m
[0m[[0m[0minfo[0m] [0m[0m[31m  at PipedRVSpec.$anonfun$new$7(PipedRVSpec.scala:42)[0m[0m
[0m[[0m[0minfo[0m] [0m[0m[31m  at chisel3.iotesters.Driver$.$anonfun$execute$4(Driver.scala:69)[0m[0m
[0m[[0m[0minfo[0m] [0m[0m[31m  at scala.runtime.java8.JFunction0$mcZ$sp.apply(JFunction0$mcZ$sp.java:23)[0m[0m
[0m[[0m[0minfo[0m] [0m[0m[31m  at scala.util.DynamicVariable.withValue(DynamicVariable.scala:62)[0m[0m
[0m[[0m[0minfo[0m] [0m[0m[31m  at chisel3.iotesters.Driver$.$anonfun$execute$2(Driver.scala:68)[0m[0m
[0m[[0m[0minfo[0m] [0m[0m[31m  ...[0m[0m
[0m[[0m[0minfo[0m] [0m[0m[32mPipedRV branchmany[0m[0m
[0m[[0m[0minfo[0m] [0m[0m[31m- should pass *** FAILED ***[0m[0m
[0m[[0m[0minfo[0m] [0m[0m[31m  java.io.FileNotFoundException: /Users/farfar/Desktop/tasks/branchmanyout/branchmany.bin (No such file or directory)[0m[0m
[0m[[0m[0minfo[0m] [0m[0m[31m  at java.io.FileOutputStream.open0(Native Method)[0m[0m
[0m[[0m[0minfo[0m] [0m[0m[31m  at java.io.FileOutputStream.open(FileOutputStream.java:270)[0m[0m
[0m[[0m[0minfo[0m] [0m[0m[31m  at java.io.FileOutputStream.<init>(FileOutputStream.java:213)[0m[0m
[0m[[0m[0minfo[0m] [0m[0m[31m  at java.io.FileOutputStream.<init>(FileOutputStream.java:101)[0m[0m
[0m[[0m[0minfo[0m] [0m[0m[31m  at PipedRVTester.<init>(PipedRVSpec.scala:30)[0m[0m
[0m[[0m[0minfo[0m] [0m[0m[31m  at PipedRVSpec.$anonfun$new$7(PipedRVSpec.scala:42)[0m[0m
[0m[[0m[0minfo[0m] [0m[0m[31m  at chisel3.iotesters.Driver$.$anonfun$execute$4(Driver.scala:69)[0m[0m
[0m[[0m[0minfo[0m] [0m[0m[31m  at scala.runtime.java8.JFunction0$mcZ$sp.apply(JFunction0$mcZ$sp.java:23)[0m[0m
[0m[[0m[0minfo[0m] [0m[0m[31m  at scala.util.DynamicVariable.withValue(DynamicVariable.scala:62)[0m[0m
[0m[[0m[0minfo[0m] [0m[0m[31m  at chisel3.iotesters.Driver$.$anonfun$execute$2(Driver.scala:68)[0m[0m
[0m[[0m[0minfo[0m] [0m[0m[31m  ...[0m[0m
[0m[[0m[0minfo[0m] [0m[0m[32mPipedRV branchtrap[0m[0m
[0m[[0m[0minfo[0m] [0m[0m[31m- should pass *** FAILED ***[0m[0m
[0m[[0m[0minfo[0m] [0m[0m[31m  java.io.FileNotFoundException: /Users/farfar/Desktop/tasks/branchtrapout/branchtrap.bin (No such file or directory)[0m[0m
[0m[[0m[0minfo[0m] [0m[0m[31m  at java.io.FileOutputStream.open0(Native Method)[0m[0m
[0m[[0m[0minfo[0m] [0m[0m[31m  at java.io.FileOutputStream.open(FileOutputStream.java:270)[0m[0m
[0m[[0m[0minfo[0m] [0m[0m[31m  at java.io.FileOutputStream.<init>(FileOutputStream.java:213)[0m[0m
[0m[[0m[0minfo[0m] [0m[0m[31m  at java.io.FileOutputStream.<init>(FileOutputStream.java:101)[0m[0m
[0m[[0m[0minfo[0m] [0m[0m[31m  at PipedRVTester.<init>(PipedRVSpec.scala:30)[0m[0m
[0m[[0m[0minfo[0m] [0m[0m[31m  at PipedRVSpec.$anonfun$new$7(PipedRVSpec.scala:42)[0m[0m
[0m[[0m[0minfo[0m] [0m[0m[31m  at chisel3.iotesters.Driver$.$anonfun$execute$4(Driver.scala:69)[0m[0m
[0m[[0m[0minfo[0m] [0m[0m[31m  at scala.runtime.java8.JFunction0$mcZ$sp.apply(JFunction0$mcZ$sp.java:23)[0m[0m
[0m[[0m[0minfo[0m] [0m[0m[31m  at scala.util.DynamicVariable.withValue(DynamicVariable.scala:62)[0m[0m
[0m[[0m[0minfo[0m] [0m[0m[31m  at chisel3.iotesters.Driver$.$anonfun$execute$2(Driver.scala:68)[0m[0m
[0m[[0m[0minfo[0m] [0m[0m[31m  ...[0m[0m
[0m[[0m[0minfo[0m] [0m[0m[32mPipedRV loop[0m[0m
[0m[[0m[0minfo[0m] [0m[0m[31m- should pass *** FAILED ***[0m[0m
[0m[[0m[0minfo[0m] [0m[0m[31m  java.io.FileNotFoundException: /Users/farfar/Desktop/tasks/loopout/loop.bin (No such file or directory)[0m[0m
[0m[[0m[0minfo[0m] [0m[0m[31m  at java.io.FileOutputStream.open0(Native Method)[0m[0m
[0m[[0m[0minfo[0m] [0m[0m[31m  at java.io.FileOutputStream.open(FileOutputStream.java:270)[0m[0m
[0m[[0m[0minfo[0m] [0m[0m[31m  at java.io.FileOutputStream.<init>(FileOutputStream.java:213)[0m[0m
[0m[[0m[0minfo[0m] [0m[0m[31m  at java.io.FileOutputStream.<init>(FileOutputStream.java:101)[0m[0m
[0m[[0m[0minfo[0m] [0m[0m[31m  at PipedRVTester.<init>(PipedRVSpec.scala:30)[0m[0m
[0m[[0m[0minfo[0m] [0m[0m[31m  at PipedRVSpec.$anonfun$new$7(PipedRVSpec.scala:42)[0m[0m
[0m[[0m[0minfo[0m] [0m[0m[31m  at chisel3.iotesters.Driver$.$anonfun$execute$4(Driver.scala:69)[0m[0m
[0m[[0m[0minfo[0m] [0m[0m[31m  at scala.runtime.java8.JFunction0$mcZ$sp.apply(JFunction0$mcZ$sp.java:23)[0m[0m
[0m[[0m[0minfo[0m] [0m[0m[31m  at scala.util.DynamicVariable.withValue(DynamicVariable.scala:62)[0m[0m
[0m[[0m[0minfo[0m] [0m[0m[31m  at chisel3.iotesters.Driver$.$anonfun$execute$2(Driver.scala:68)[0m[0m
[0m[[0m[0minfo[0m] [0m[0m[31m  ...[0m[0m
[0m[[0m[0minfo[0m] [0m[0m[32mPipedRV recursive[0m[0m
[0m[[0m[0minfo[0m] [0m[0m[31m- should pass *** FAILED ***[0m[0m
[0m[[0m[0minfo[0m] [0m[0m[31m  java.io.FileNotFoundException: /Users/farfar/Desktop/tasks/recursiveout/recursive.bin (No such file or directory)[0m[0m
[0m[[0m[0minfo[0m] [0m[0m[31m  at java.io.FileOutputStream.open0(Native Method)[0m[0m
[0m[[0m[0minfo[0m] [0m[0m[31m  at java.io.FileOutputStream.open(FileOutputStream.java:270)[0m[0m
[0m[[0m[0minfo[0m] [0m[0m[31m  at java.io.FileOutputStream.<init>(FileOutputStream.java:213)[0m[0m
[0m[[0m[0minfo[0m] [0m[0m[31m  at java.io.FileOutputStream.<init>(FileOutputStream.java:101)[0m[0m
[0m[[0m[0minfo[0m] [0m[0m[31m  at PipedRVTester.<init>(PipedRVSpec.scala:30)[0m[0m
[0m[[0m[0minfo[0m] [0m[0m[31m  at PipedRVSpec.$anonfun$new$7(PipedRVSpec.scala:42)[0m[0m
[0m[[0m[0minfo[0m] [0m[0m[31m  at chisel3.iotesters.Driver$.$anonfun$execute$4(Driver.scala:69)[0m[0m
[0m[[0m[0minfo[0m] [0m[0m[31m  at scala.runtime.java8.JFunction0$mcZ$sp.apply(JFunction0$mcZ$sp.java:23)[0m[0m
[0m[[0m[0minfo[0m] [0m[0m[31m  at scala.util.DynamicVariable.withValue(DynamicVariable.scala:62)[0m[0m
[0m[[0m[0minfo[0m] [0m[0m[31m  at chisel3.iotesters.Driver$.$anonfun$execute$2(Driver.scala:68)[0m[0m
[0m[[0m[0minfo[0m] [0m[0m[31m  ...[0m[0m
[0m[[0m[0minfo[0m] [0m[0m[32mPipedRV width[0m[0m
[0m[[0m[0minfo[0m] [0m[0m[31m- should pass *** FAILED ***[0m[0m
[0m[[0m[0minfo[0m] [0m[0m[31m  java.io.FileNotFoundException: /Users/farfar/Desktop/tasks/widthout/width.bin (No such file or directory)[0m[0m
[0m[[0m[0minfo[0m] [0m[0m[31m  at java.io.FileOutputStream.open0(Native Method)[0m[0m
[0m[[0m[0minfo[0m] [0m[0m[31m  at java.io.FileOutputStream.open(FileOutputStream.java:270)[0m[0m
[0m[[0m[0minfo[0m] [0m[0m[31m  at java.io.FileOutputStream.<init>(FileOutputStream.java:213)[0m[0m
[0m[[0m[0minfo[0m] [0m[0m[31m  at java.io.FileOutputStream.<init>(FileOutputStream.java:101)[0m[0m
[0m[[0m[0minfo[0m] [0m[0m[31m  at PipedRVTester.<init>(PipedRVSpec.scala:30)[0m[0m
[0m[[0m[0minfo[0m] [0m[0m[31m  at PipedRVSpec.$anonfun$new$7(PipedRVSpec.scala:42)[0m[0m
[0m[[0m[0minfo[0m] [0m[0m[31m  at chisel3.iotesters.Driver$.$anonfun$execute$4(Driver.scala:69)[0m[0m
[0m[[0m[0minfo[0m] [0m[0m[31m  at scala.runtime.java8.JFunction0$mcZ$sp.apply(JFunction0$mcZ$sp.java:23)[0m[0m
[0m[[0m[0minfo[0m] [0m[0m[31m  at scala.util.DynamicVariable.withValue(DynamicVariable.scala:62)[0m[0m
[0m[[0m[0minfo[0m] [0m[0m[31m  at chisel3.iotesters.Driver$.$anonfun$execute$2(Driver.scala:68)[0m[0m
[0m[[0m[0minfo[0m] [0m[0m[31m  ...[0m[0m
[0m[[0m[0minfo[0m] [0m[0m[32mPipedRV t1[0m[0m
[0m[[0m[0minfo[0m] [0m[0m[31m- should pass *** FAILED ***[0m[0m
[0m[[0m[0minfo[0m] [0m[0m[31m  java.io.FileNotFoundException: /Users/farfar/Desktop/tasks/t1out/t1.bin (No such file or directory)[0m[0m
[0m[[0m[0minfo[0m] [0m[0m[31m  at java.io.FileOutputStream.open0(Native Method)[0m[0m
[0m[[0m[0minfo[0m] [0m[0m[31m  at java.io.FileOutputStream.open(FileOutputStream.java:270)[0m[0m
[0m[[0m[0minfo[0m] [0m[0m[31m  at java.io.FileOutputStream.<init>(FileOutputStream.java:213)[0m[0m
[0m[[0m[0minfo[0m] [0m[0m[31m  at java.io.FileOutputStream.<init>(FileOutputStream.java:101)[0m[0m
[0m[[0m[0minfo[0m] [0m[0m[31m  at PipedRVTester.<init>(PipedRVSpec.scala:30)[0m[0m
[0m[[0m[0minfo[0m] [0m[0m[31m  at PipedRVSpec.$anonfun$new$7(PipedRVSpec.scala:42)[0m[0m
[0m[[0m[0minfo[0m] [0m[0m[31m  at chisel3.iotesters.Driver$.$anonfun$execute$4(Driver.scala:69)[0m[0m
[0m[[0m[0minfo[0m] [0m[0m[31m  at scala.runtime.java8.JFunction0$mcZ$sp.apply(JFunction0$mcZ$sp.java:23)[0m[0m
[0m[[0m[0minfo[0m] [0m[0m[31m  at scala.util.DynamicVariable.withValue(DynamicVariable.scala:62)[0m[0m
[0m[[0m[0minfo[0m] [0m[0m[31m  at chisel3.iotesters.Driver$.$anonfun$execute$2(Driver.scala:68)[0m[0m
[0m[[0m[0minfo[0m] [0m[0m[31m  ...[0m[0m
[0m[[0m[0minfo[0m] [0m[0m[32mPipedRV t2[0m[0m
[0m[[0m[0minfo[0m] [0m[0m[31m- should pass *** FAILED ***[0m[0m
[0m[[0m[0minfo[0m] [0m[0m[31m  java.io.FileNotFoundException: /Users/farfar/Desktop/tasks/t2out/t2.bin (No such file or directory)[0m[0m
[0m[[0m[0minfo[0m] [0m[0m[31m  at java.io.FileOutputStream.open0(Native Method)[0m[0m
[0m[[0m[0minfo[0m] [0m[0m[31m  at java.io.FileOutputStream.open(FileOutputStream.java:270)[0m[0m
[0m[[0m[0minfo[0m] [0m[0m[31m  at java.io.FileOutputStream.<init>(FileOutputStream.java:213)[0m[0m
[0m[[0m[0minfo[0m] [0m[0m[31m  at java.io.FileOutputStream.<init>(FileOutputStream.java:101)[0m[0m
[0m[[0m[0minfo[0m] [0m[0m[31m  at PipedRVTester.<init>(PipedRVSpec.scala:30)[0m[0m
[0m[[0m[0minfo[0m] [0m[0m[31m  at PipedRVSpec.$anonfun$new$7(PipedRVSpec.scala:42)[0m[0m
[0m[[0m[0minfo[0m] [0m[0m[31m  at chisel3.iotesters.Driver$.$anonfun$execute$4(Driver.scala:69)[0m[0m
[0m[[0m[0minfo[0m] [0m[0m[31m  at scala.runtime.java8.JFunction0$mcZ$sp.apply(JFunction0$mcZ$sp.java:23)[0m[0m
[0m[[0m[0minfo[0m] [0m[0m[31m  at scala.util.DynamicVariable.withValue(DynamicVariable.scala:62)[0m[0m
[0m[[0m[0minfo[0m] [0m[0m[31m  at chisel3.iotesters.Driver$.$anonfun$execute$2(Driver.scala:68)[0m[0m
[0m[[0m[0minfo[0m] [0m[0m[31m  ...[0m[0m
[0m[[0m[0minfo[0m] [0m[0m[32mPipedRV t3[0m[0m
[0m[[0m[0minfo[0m] [0m[0m[31m- should pass *** FAILED ***[0m[0m
[0m[[0m[0minfo[0m] [0m[0m[31m  java.io.FileNotFoundException: /Users/farfar/Desktop/tasks/t3out/t3.bin (No such file or directory)[0m[0m
[0m[[0m[0minfo[0m] [0m[0m[31m  at java.io.FileOutputStream.open0(Native Method)[0m[0m
[0m[[0m[0minfo[0m] [0m[0m[31m  at java.io.FileOutputStream.open(FileOutputStream.java:270)[0m[0m
[0m[[0m[0minfo[0m] [0m[0m[31m  at java.io.FileOutputStream.<init>(FileOutputStream.java:213)[0m[0m
[0m[[0m[0minfo[0m] [0m[0m[31m  at java.io.FileOutputStream.<init>(FileOutputStream.java:101)[0m[0m
[0m[[0m[0minfo[0m] [0m[0m[31m  at PipedRVTester.<init>(PipedRVSpec.scala:30)[0m[0m
[0m[[0m[0minfo[0m] [0m[0m[31m  at PipedRVSpec.$anonfun$new$7(PipedRVSpec.scala:42)[0m[0m
[0m[[0m[0minfo[0m] [0m[0m[31m  at chisel3.iotesters.Driver$.$anonfun$execute$4(Driver.scala:69)[0m[0m
[0m[[0m[0minfo[0m] [0m[0m[31m  at scala.runtime.java8.JFunction0$mcZ$sp.apply(JFunction0$mcZ$sp.java:23)[0m[0m
[0m[[0m[0minfo[0m] [0m[0m[31m  at scala.util.DynamicVariable.withValue(DynamicVariable.scala:62)[0m[0m
[0m[[0m[0minfo[0m] [0m[0m[31m  at chisel3.iotesters.Driver$.$anonfun$execute$2(Driver.scala:68)[0m[0m
[0m[[0m[0minfo[0m] [0m[0m[31m  ...[0m[0m
[0m[[0m[0minfo[0m] [0m[0m[32mPipedRV t4[0m[0m
[0m[[0m[0minfo[0m] [0m[0m[31m- should pass *** FAILED ***[0m[0m
[0m[[0m[0minfo[0m] [0m[0m[31m  java.io.FileNotFoundException: /Users/farfar/Desktop/tasks/t4out/t4.bin (No such file or directory)[0m[0m
[0m[[0m[0minfo[0m] [0m[0m[31m  at java.io.FileOutputStream.open0(Native Method)[0m[0m
[0m[[0m[0minfo[0m] [0m[0m[31m  at java.io.FileOutputStream.open(FileOutputStream.java:270)[0m[0m
[0m[[0m[0minfo[0m] [0m[0m[31m  at java.io.FileOutputStream.<init>(FileOutputStream.java:213)[0m[0m
[0m[[0m[0minfo[0m] [0m[0m[31m  at java.io.FileOutputStream.<init>(FileOutputStream.java:101)[0m[0m
[0m[[0m[0minfo[0m] [0m[0m[31m  at PipedRVTester.<init>(PipedRVSpec.scala:30)[0m[0m
[0m[[0m[0minfo[0m] [0m[0m[31m  at PipedRVSpec.$anonfun$new$7(PipedRVSpec.scala:42)[0m[0m
[0m[[0m[0minfo[0m] [0m[0m[31m  at chisel3.iotesters.Driver$.$anonfun$execute$4(Driver.scala:69)[0m[0m
[0m[[0m[0minfo[0m] [0m[0m[31m  at scala.runtime.java8.JFunction0$mcZ$sp.apply(JFunction0$mcZ$sp.java:23)[0m[0m
[0m[[0m[0minfo[0m] [0m[0m[31m  at scala.util.DynamicVariable.withValue(DynamicVariable.scala:62)[0m[0m
[0m[[0m[0minfo[0m] [0m[0m[31m  at chisel3.iotesters.Driver$.$anonfun$execute$2(Driver.scala:68)[0m[0m
[0m[[0m[0minfo[0m] [0m[0m[31m  ...[0m[0m
[0m[[0m[0minfo[0m] [0m[0m[32mPipedRV t5[0m[0m
[0m[[0m[0minfo[0m] [0m[0m[31m- should pass *** FAILED ***[0m[0m
[0m[[0m[0minfo[0m] [0m[0m[31m  java.io.FileNotFoundException: /Users/farfar/Desktop/tasks/t5out/t5.bin (No such file or directory)[0m[0m
[0m[[0m[0minfo[0m] [0m[0m[31m  at java.io.FileOutputStream.open0(Native Method)[0m[0m
[0m[[0m[0minfo[0m] [0m[0m[31m  at java.io.FileOutputStream.open(FileOutputStream.java:270)[0m[0m
[0m[[0m[0minfo[0m] [0m[0m[31m  at java.io.FileOutputStream.<init>(FileOutputStream.java:213)[0m[0m
[0m[[0m[0minfo[0m] [0m[0m[31m  at java.io.FileOutputStream.<init>(FileOutputStream.java:101)[0m[0m
[0m[[0m[0minfo[0m] [0m[0m[31m  at PipedRVTester.<init>(PipedRVSpec.scala:30)[0m[0m
[0m[[0m[0minfo[0m] [0m[0m[31m  at PipedRVSpec.$anonfun$new$7(PipedRVSpec.scala:42)[0m[0m
[0m[[0m[0minfo[0m] [0m[0m[31m  at chisel3.iotesters.Driver$.$anonfun$execute$4(Driver.scala:69)[0m[0m
[0m[[0m[0minfo[0m] [0m[0m[31m  at scala.runtime.java8.JFunction0$mcZ$sp.apply(JFunction0$mcZ$sp.java:23)[0m[0m
[0m[[0m[0minfo[0m] [0m[0m[31m  at scala.util.DynamicVariable.withValue(DynamicVariable.scala:62)[0m[0m
[0m[[0m[0minfo[0m] [0m[0m[31m  at chisel3.iotesters.Driver$.$anonfun$execute$2(Driver.scala:68)[0m[0m
[0m[[0m[0minfo[0m] [0m[0m[31m  ...[0m[0m
[0m[[0m[0minfo[0m] [0m[0m[32mPipedRV t6[0m[0m
[0m[[0m[0minfo[0m] [0m[0m[31m- should pass *** FAILED ***[0m[0m
[0m[[0m[0minfo[0m] [0m[0m[31m  java.io.FileNotFoundException: /Users/farfar/Desktop/tasks/t6out/t6.bin (No such file or directory)[0m[0m
[0m[[0m[0minfo[0m] [0m[0m[31m  at java.io.FileOutputStream.open0(Native Method)[0m[0m
[0m[[0m[0minfo[0m] [0m[0m[31m  at java.io.FileOutputStream.open(FileOutputStream.java:270)[0m[0m
[0m[[0m[0minfo[0m] [0m[0m[31m  at java.io.FileOutputStream.<init>(FileOutputStream.java:213)[0m[0m
[0m[[0m[0minfo[0m] [0m[0m[31m  at java.io.FileOutputStream.<init>(FileOutputStream.java:101)[0m[0m
[0m[[0m[0minfo[0m] [0m[0m[31m  at PipedRVTester.<init>(PipedRVSpec.scala:30)[0m[0m
[0m[[0m[0minfo[0m] [0m[0m[31m  at PipedRVSpec.$anonfun$new$7(PipedRVSpec.scala:42)[0m[0m
[0m[[0m[0minfo[0m] [0m[0m[31m  at chisel3.iotesters.Driver$.$anonfun$execute$4(Driver.scala:69)[0m[0m
[0m[[0m[0minfo[0m] [0m[0m[31m  at scala.runtime.java8.JFunction0$mcZ$sp.apply(JFunction0$mcZ$sp.java:23)[0m[0m
[0m[[0m[0minfo[0m] [0m[0m[31m  at scala.util.DynamicVariable.withValue(DynamicVariable.scala:62)[0m[0m
[0m[[0m[0minfo[0m] [0m[0m[31m  at chisel3.iotesters.Driver$.$anonfun$execute$2(Driver.scala:68)[0m[0m
[0m[[0m[0minfo[0m] [0m[0m[31m  ...[0m[0m
[0m[[0m[0minfo[0m] [0m[0m[32mPipedRV t7[0m[0m
[0m[[0m[0minfo[0m] [0m[0m[31m- should pass *** FAILED ***[0m[0m
[0m[[0m[0minfo[0m] [0m[0m[31m  java.io.FileNotFoundException: /Users/farfar/Desktop/tasks/t7out/t7.bin (No such file or directory)[0m[0m
[0m[[0m[0minfo[0m] [0m[0m[31m  at java.io.FileOutputStream.open0(Native Method)[0m[0m
[0m[[0m[0minfo[0m] [0m[0m[31m  at java.io.FileOutputStream.open(FileOutputStream.java:270)[0m[0m
[0m[[0m[0minfo[0m] [0m[0m[31m  at java.io.FileOutputStream.<init>(FileOutputStream.java:213)[0m[0m
[0m[[0m[0minfo[0m] [0m[0m[31m  at java.io.FileOutputStream.<init>(FileOutputStream.java:101)[0m[0m
[0m[[0m[0minfo[0m] [0m[0m[31m  at PipedRVTester.<init>(PipedRVSpec.scala:30)[0m[0m
[0m[[0m[0minfo[0m] [0m[0m[31m  at PipedRVSpec.$anonfun$new$7(PipedRVSpec.scala:42)[0m[0m
[0m[[0m[0minfo[0m] [0m[0m[31m  at chisel3.iotesters.Driver$.$anonfun$execute$4(Driver.scala:69)[0m[0m
[0m[[0m[0minfo[0m] [0m[0m[31m  at scala.runtime.java8.JFunction0$mcZ$sp.apply(JFunction0$mcZ$sp.java:23)[0m[0m
[0m[[0m[0minfo[0m] [0m[0m[31m  at scala.util.DynamicVariable.withValue(DynamicVariable.scala:62)[0m[0m
[0m[[0m[0minfo[0m] [0m[0m[31m  at chisel3.iotesters.Driver$.$anonfun$execute$2(Driver.scala:68)[0m[0m
[0m[[0m[0minfo[0m] [0m[0m[31m  ...[0m[0m
[0m[[0m[0minfo[0m] [0m[0m[32mPipedRV t8[0m[0m
[0m[[0m[0minfo[0m] [0m[0m[31m- should pass *** FAILED ***[0m[0m
[0m[[0m[0minfo[0m] [0m[0m[31m  java.io.FileNotFoundException: /Users/farfar/Desktop/tasks/t8out/t8.bin (No such file or directory)[0m[0m
[0m[[0m[0minfo[0m] [0m[0m[31m  at java.io.FileOutputStream.open0(Native Method)[0m[0m
[0m[[0m[0minfo[0m] [0m[0m[31m  at java.io.FileOutputStream.open(FileOutputStream.java:270)[0m[0m
[0m[[0m[0minfo[0m] [0m[0m[31m  at java.io.FileOutputStream.<init>(FileOutputStream.java:213)[0m[0m
[0m[[0m[0minfo[0m] [0m[0m[31m  at java.io.FileOutputStream.<init>(FileOutputStream.java:101)[0m[0m
[0m[[0m[0minfo[0m] [0m[0m[31m  at PipedRVTester.<init>(PipedRVSpec.scala:30)[0m[0m
[0m[[0m[0minfo[0m] [0m[0m[31m  at PipedRVSpec.$anonfun$new$7(PipedRVSpec.scala:42)[0m[0m
[0m[[0m[0minfo[0m] [0m[0m[31m  at chisel3.iotesters.Driver$.$anonfun$execute$4(Driver.scala:69)[0m[0m
[0m[[0m[0minfo[0m] [0m[0m[31m  at scala.runtime.java8.JFunction0$mcZ$sp.apply(JFunction0$mcZ$sp.java:23)[0m[0m
[0m[[0m[0minfo[0m] [0m[0m[31m  at scala.util.DynamicVariable.withValue(DynamicVariable.scala:62)[0m[0m
[0m[[0m[0minfo[0m] [0m[0m[31m  at chisel3.iotesters.Driver$.$anonfun$execute$2(Driver.scala:68)[0m[0m
[0m[[0m[0minfo[0m] [0m[0m[31m  ...[0m[0m
[0m[[0m[0minfo[0m] [0m[0m[32mPipedRV t9[0m[0m
[0m[[0m[0minfo[0m] [0m[0m[31m- should pass *** FAILED ***[0m[0m
[0m[[0m[0minfo[0m] [0m[0m[31m  java.io.FileNotFoundException: /Users/farfar/Desktop/tasks/t9out/t9.bin (No such file or directory)[0m[0m
[0m[[0m[0minfo[0m] [0m[0m[31m  at java.io.FileOutputStream.open0(Native Method)[0m[0m
[0m[[0m[0minfo[0m] [0m[0m[31m  at java.io.FileOutputStream.open(FileOutputStream.java:270)[0m[0m
[0m[[0m[0minfo[0m] [0m[0m[31m  at java.io.FileOutputStream.<init>(FileOutputStream.java:213)[0m[0m
[0m[[0m[0minfo[0m] [0m[0m[31m  at java.io.FileOutputStream.<init>(FileOutputStream.java:101)[0m[0m
[0m[[0m[0minfo[0m] [0m[0m[31m  at PipedRVTester.<init>(PipedRVSpec.scala:30)[0m[0m
[0m[[0m[0minfo[0m] [0m[0m[31m  at PipedRVSpec.$anonfun$new$7(PipedRVSpec.scala:42)[0m[0m
[0m[[0m[0minfo[0m] [0m[0m[31m  at chisel3.iotesters.Driver$.$anonfun$execute$4(Driver.scala:69)[0m[0m
[0m[[0m[0minfo[0m] [0m[0m[31m  at scala.runtime.java8.JFunction0$mcZ$sp.apply(JFunction0$mcZ$sp.java:23)[0m[0m
[0m[[0m[0minfo[0m] [0m[0m[31m  at scala.util.DynamicVariable.withValue(DynamicVariable.scala:62)[0m[0m
[0m[[0m[0minfo[0m] [0m[0m[31m  at chisel3.iotesters.Driver$.$anonfun$execute$2(Driver.scala:68)[0m[0m
[0m[[0m[0minfo[0m] [0m[0m[31m  ...[0m[0m
[0m[[0m[0minfo[0m] [0m[0m[32mPipedRV t10[0m[0m
[0m[[0m[0minfo[0m] [0m[0m[31m- should pass *** FAILED ***[0m[0m
[0m[[0m[0minfo[0m] [0m[0m[31m  java.io.FileNotFoundException: /Users/farfar/Desktop/tasks/t10out/t10.bin (No such file or directory)[0m[0m
[0m[[0m[0minfo[0m] [0m[0m[31m  at java.io.FileOutputStream.open0(Native Method)[0m[0m
[0m[[0m[0minfo[0m] [0m[0m[31m  at java.io.FileOutputStream.open(FileOutputStream.java:270)[0m[0m
[0m[[0m[0minfo[0m] [0m[0m[31m  at java.io.FileOutputStream.<init>(FileOutputStream.java:213)[0m[0m
[0m[[0m[0minfo[0m] [0m[0m[31m  at java.io.FileOutputStream.<init>(FileOutputStream.java:101)[0m[0m
[0m[[0m[0minfo[0m] [0m[0m[31m  at PipedRVTester.<init>(PipedRVSpec.scala:30)[0m[0m
[0m[[0m[0minfo[0m] [0m[0m[31m  at PipedRVSpec.$anonfun$new$7(PipedRVSpec.scala:42)[0m[0m
[0m[[0m[0minfo[0m] [0m[0m[31m  at chisel3.iotesters.Driver$.$anonfun$execute$4(Driver.scala:69)[0m[0m
[0m[[0m[0minfo[0m] [0m[0m[31m  at scala.runtime.java8.JFunction0$mcZ$sp.apply(JFunction0$mcZ$sp.java:23)[0m[0m
[0m[[0m[0minfo[0m] [0m[0m[31m  at scala.util.DynamicVariable.withValue(DynamicVariable.scala:62)[0m[0m
[0m[[0m[0minfo[0m] [0m[0m[31m  at chisel3.iotesters.Driver$.$anonfun$execute$2(Driver.scala:68)[0m[0m
[0m[[0m[0minfo[0m] [0m[0m[31m  ...[0m[0m
[0m[[0m[0minfo[0m] [0m[0m[32mPipedRV t11[0m[0m
[0m[[0m[0minfo[0m] [0m[0m[31m- should pass *** FAILED ***[0m[0m
[0m[[0m[0minfo[0m] [0m[0m[31m  java.io.FileNotFoundException: /Users/farfar/Desktop/tasks/t11out/t11.bin (No such file or directory)[0m[0m
[0m[[0m[0minfo[0m] [0m[0m[31m  at java.io.FileOutputStream.open0(Native Method)[0m[0m
[0m[[0m[0minfo[0m] [0m[0m[31m  at java.io.FileOutputStream.open(FileOutputStream.java:270)[0m[0m
[0m[[0m[0minfo[0m] [0m[0m[31m  at java.io.FileOutputStream.<init>(FileOutputStream.java:213)[0m[0m
[0m[[0m[0minfo[0m] [0m[0m[31m  at java.io.FileOutputStream.<init>(FileOutputStream.java:101)[0m[0m
[0m[[0m[0minfo[0m] [0m[0m[31m  at PipedRVTester.<init>(PipedRVSpec.scala:30)[0m[0m
[0m[[0m[0minfo[0m] [0m[0m[31m  at PipedRVSpec.$anonfun$new$7(PipedRVSpec.scala:42)[0m[0m
[0m[[0m[0minfo[0m] [0m[0m[31m  at chisel3.iotesters.Driver$.$anonfun$execute$4(Driver.scala:69)[0m[0m
[0m[[0m[0minfo[0m] [0m[0m[31m  at scala.runtime.java8.JFunction0$mcZ$sp.apply(JFunction0$mcZ$sp.java:23)[0m[0m
[0m[[0m[0minfo[0m] [0m[0m[31m  at scala.util.DynamicVariable.withValue(DynamicVariable.scala:62)[0m[0m
[0m[[0m[0minfo[0m] [0m[0m[31m  at chisel3.iotesters.Driver$.$anonfun$execute$2(Driver.scala:68)[0m[0m
[0m[[0m[0minfo[0m] [0m[0m[31m  ...[0m[0m
[0m[[0m[0minfo[0m] [0m[0m[32mPipedRV t12[0m[0m
[0m[[0m[0minfo[0m] [0m[0m[31m- should pass *** FAILED ***[0m[0m
[0m[[0m[0minfo[0m] [0m[0m[31m  java.io.FileNotFoundException: /Users/farfar/Desktop/tasks/t12out/t12.bin (No such file or directory)[0m[0m
[0m[[0m[0minfo[0m] [0m[0m[31m  at java.io.FileOutputStream.open0(Native Method)[0m[0m
[0m[[0m[0minfo[0m] [0m[0m[31m  at java.io.FileOutputStream.open(FileOutputStream.java:270)[0m[0m
[0m[[0m[0minfo[0m] [0m[0m[31m  at java.io.FileOutputStream.<init>(FileOutputStream.java:213)[0m[0m
[0m[[0m[0minfo[0m] [0m[0m[31m  at java.io.FileOutputStream.<init>(FileOutputStream.java:101)[0m[0m
[0m[[0m[0minfo[0m] [0m[0m[31m  at PipedRVTester.<init>(PipedRVSpec.scala:30)[0m[0m
[0m[[0m[0minfo[0m] [0m[0m[31m  at PipedRVSpec.$anonfun$new$7(PipedRVSpec.scala:42)[0m[0m
[0m[[0m[0minfo[0m] [0m[0m[31m  at chisel3.iotesters.Driver$.$anonfun$execute$4(Driver.scala:69)[0m[0m
[0m[[0m[0minfo[0m] [0m[0m[31m  at scala.runtime.java8.JFunction0$mcZ$sp.apply(JFunction0$mcZ$sp.java:23)[0m[0m
[0m[[0m[0minfo[0m] [0m[0m[31m  at scala.util.DynamicVariable.withValue(DynamicVariable.scala:62)[0m[0m
[0m[[0m[0minfo[0m] [0m[0m[31m  at chisel3.iotesters.Driver$.$anonfun$execute$2(Driver.scala:68)[0m[0m
[0m[[0m[0minfo[0m] [0m[0m[31m  ...[0m[0m
[0m[[0m[0minfo[0m] [0m[0m[32mPipedRV t13[0m[0m
[0m[[0m[0minfo[0m] [0m[0m[31m- should pass *** FAILED ***[0m[0m
[0m[[0m[0minfo[0m] [0m[0m[31m  java.io.FileNotFoundException: /Users/farfar/Desktop/tasks/t13out/t13.bin (No such file or directory)[0m[0m
[0m[[0m[0minfo[0m] [0m[0m[31m  at java.io.FileOutputStream.open0(Native Method)[0m[0m
[0m[[0m[0minfo[0m] [0m[0m[31m  at java.io.FileOutputStream.open(FileOutputStream.java:270)[0m[0m
[0m[[0m[0minfo[0m] [0m[0m[31m  at java.io.FileOutputStream.<init>(FileOutputStream.java:213)[0m[0m
[0m[[0m[0minfo[0m] [0m[0m[31m  at java.io.FileOutputStream.<init>(FileOutputStream.java:101)[0m[0m
[0m[[0m[0minfo[0m] [0m[0m[31m  at PipedRVTester.<init>(PipedRVSpec.scala:30)[0m[0m
[0m[[0m[0minfo[0m] [0m[0m[31m  at PipedRVSpec.$anonfun$new$7(PipedRVSpec.scala:42)[0m[0m
[0m[[0m[0minfo[0m] [0m[0m[31m  at chisel3.iotesters.Driver$.$anonfun$execute$4(Driver.scala:69)[0m[0m
[0m[[0m[0minfo[0m] [0m[0m[31m  at scala.runtime.java8.JFunction0$mcZ$sp.apply(JFunction0$mcZ$sp.java:23)[0m[0m
[0m[[0m[0minfo[0m] [0m[0m[31m  at scala.util.DynamicVariable.withValue(DynamicVariable.scala:62)[0m[0m
[0m[[0m[0minfo[0m] [0m[0m[31m  at chisel3.iotesters.Driver$.$anonfun$execute$2(Driver.scala:68)[0m[0m
[0m[[0m[0minfo[0m] [0m[0m[31m  ...[0m[0m
[0m[[0m[0minfo[0m] [0m[0m[32mPipedRV t15[0m[0m
[0m[[0m[0minfo[0m] [0m[0m[31m- should pass *** FAILED ***[0m[0m
[0m[[0m[0minfo[0m] [0m[0m[31m  java.io.FileNotFoundException: /Users/farfar/Desktop/tasks/t15out/t15.bin (No such file or directory)[0m[0m
[0m[[0m[0minfo[0m] [0m[0m[31m  at java.io.FileOutputStream.open0(Native Method)[0m[0m
[0m[[0m[0minfo[0m] [0m[0m[31m  at java.io.FileOutputStream.open(FileOutputStream.java:270)[0m[0m
[0m[[0m[0minfo[0m] [0m[0m[31m  at java.io.FileOutputStream.<init>(FileOutputStream.java:213)[0m[0m
[0m[[0m[0minfo[0m] [0m[0m[31m  at java.io.FileOutputStream.<init>(FileOutputStream.java:101)[0m[0m
[0m[[0m[0minfo[0m] [0m[0m[31m  at PipedRVTester.<init>(PipedRVSpec.scala:30)[0m[0m
[0m[[0m[0minfo[0m] [0m[0m[31m  at PipedRVSpec.$anonfun$new$7(PipedRVSpec.scala:42)[0m[0m
[0m[[0m[0minfo[0m] [0m[0m[31m  at chisel3.iotesters.Driver$.$anonfun$execute$4(Driver.scala:69)[0m[0m
[0m[[0m[0minfo[0m] [0m[0m[31m  at scala.runtime.java8.JFunction0$mcZ$sp.apply(JFunction0$mcZ$sp.java:23)[0m[0m
[0m[[0m[0minfo[0m] [0m[0m[31m  at scala.util.DynamicVariable.withValue(DynamicVariable.scala:62)[0m[0m
[0m[[0m[0minfo[0m] [0m[0m[31m  at chisel3.iotesters.Driver$.$anonfun$execute$2(Driver.scala:68)[0m[0m
[0m[[0m[0minfo[0m] [0m[0m[31m  ...[0m[0m
[0m[[0m[0minfo[0m] [0m[0mScalaTest[0m
[0m[[0m[0minfo[0m] [0m[0m[36mRun completed in 30 seconds, 950 milliseconds.[0m[0m
[0m[[0m[0minfo[0m] [0m[0m[36mTotal number of tests run: 27[0m[0m
[0m[[0m[0minfo[0m] [0m[0m[36mSuites: completed 1, aborted 0[0m[0m
[0m[[0m[0minfo[0m] [0m[0m[36mTests: succeeded 0, failed 27, canceled 0, ignored 0, pending 0[0m[0m
[0m[[0m[0minfo[0m] [0m[0m[31m*** 27 TESTS FAILED ***[0m[0m
[0m[[0m[31merror[0m] [0m[0mFailed: Total 27, Failed 27, Errors 0, Passed 0[0m
[0m[[0m[31merror[0m] [0m[0mFailed tests:[0m
[0m[[0m[31merror[0m] [0m[0m	PipedRVSpec[0m
[0m[[0m[0mdebug[0m] [0m[0mForcing garbage collection...[0m
[0m[[0m[31merror[0m] [0m[0m(Test / [31mtestOnly[0m) sbt.TestsFailedException: Tests unsuccessful[0m
[0m[[0m[31merror[0m] [0m[0mTotal time: 41 s, completed 29-11-2021 12:30:39[0m
[0m[[0m[0mdebug[0m] [0m[0m> Exec(idea-shell, None, None)[0m
