[0m[[0m[0mdebug[0m] [0m[0m> Exec(testOnly cpu.CPUSpec, None, None)[0m
[0m[[0m[0mdebug[0m] [0m[0mEvaluating tasks: Test / testOnly[0m
[0m[[0m[0mdebug[0m] [0m[0mRunning task... Cancel: Signal, check cycles: false, forcegc: true[0m
[0m[[0m[0minfo[0m] [0m[0mcompiling 1 Scala source to /Users/farfar/Desktop/PipeRV/target/scala-2.12/classes ...[0m
[0m[[0m[0minfo[0m] [0m[0mdone compiling[0m
[0m[[0m[0minfo[0m] [0m[0m[32mCPUSpec:[0m[0m
[0m[[0m[0minfo[0m] [0m[0m[32mCPU Wave[0m[0m
[0m[[0m[0minfo[0m] [0m[0m[31m- should pass *** FAILED ***[0m[0m
[0m[[0m[0minfo[0m] [0m[0m[31m  chisel3.internal.ChiselException: Exception thrown when elaborating ChiselGeneratorAnnotation[0m[0m
[0m[[0m[0minfo[0m] [0m[0m[31m  at chisel3.stage.ChiselGeneratorAnnotation.elaborate(ChiselAnnotations.scala:65)[0m[0m
[0m[[0m[0minfo[0m] [0m[0m[31m  at chisel3.stage.phases.Elaborate.$anonfun$transform$1(Elaborate.scala:24)[0m[0m
[0m[[0m[0minfo[0m] [0m[0m[31m  at scala.collection.immutable.List.flatMap(List.scala:366)[0m[0m
[0m[[0m[0minfo[0m] [0m[0m[31m  at chisel3.stage.phases.Elaborate.transform(Elaborate.scala:23)[0m[0m
[0m[[0m[0minfo[0m] [0m[0m[31m  at chisel3.iotesters.setupTreadleBackend$.apply(TreadleBackend.scala:148)[0m[0m
[0m[[0m[0minfo[0m] [0m[0m[31m  at chisel3.iotesters.Driver$.$anonfun$execute$2(Driver.scala:54)[0m[0m
[0m[[0m[0minfo[0m] [0m[0m[31m  at scala.runtime.java8.JFunction0$mcZ$sp.apply(JFunction0$mcZ$sp.java:23)[0m[0m
[0m[[0m[0minfo[0m] [0m[0m[31m  at logger.Logger$.$anonfun$makeScope$2(Logger.scala:166)[0m[0m
[0m[[0m[0minfo[0m] [0m[0m[31m  at scala.util.DynamicVariable.withValue(DynamicVariable.scala:62)[0m[0m
[0m[[0m[0minfo[0m] [0m[0m[31m  at logger.Logger$.makeScope(Logger.scala:164)[0m[0m
[0m[[0m[0minfo[0m] [0m[0m[31m  ...[0m[0m
[0m[[0m[0minfo[0m] [0m[0m[31m  Cause: java.lang.IllegalArgumentException: requirement failed: UInt literal -128 is negative[0m[0m
[0m[[0m[0minfo[0m] [0m[0m[31m  at scala.Predef$.require(Predef.scala:281)[0m[0m
[0m[[0m[0minfo[0m] [0m[0m[31m  at chisel3.internal.firrtl.ULit.<init>(IR.scala:109)[0m[0m
[0m[[0m[0minfo[0m] [0m[0m[31m  at chisel3.UIntFactory.Lit(UIntFactory.scala:19)[0m[0m
[0m[[0m[0minfo[0m] [0m[0m[31m  at chisel3.UIntFactory.Lit$(UIntFactory.scala:18)[0m[0m
[0m[[0m[0minfo[0m] [0m[0m[31m  at chisel3.package$UInt$.Lit(package.scala:164)[0m[0m
[0m[[0m[0minfo[0m] [0m[0m[31m  at chisel3.package$fromBigIntToLiteral.U(package.scala:46)[0m[0m
[0m[[0m[0minfo[0m] [0m[0m[31m  at cpu.InstructionMemory.$anonfun$rom$3(InstructionMemory.scala:24)[0m[0m
[0m[[0m[0minfo[0m] [0m[0m[31m  at cpu.InstructionMemory.$anonfun$rom$3$adapted(InstructionMemory.scala:24)[0m[0m
[0m[[0m[0minfo[0m] [0m[0m[31m  at scala.collection.TraversableLike.$anonfun$map$1(TraversableLike.scala:285)[0m[0m
[0m[[0m[0minfo[0m] [0m[0m[31m  at scala.collection.IndexedSeqOptimized.foreach(IndexedSeqOptimized.scala:36)[0m[0m
[0m[[0m[0minfo[0m] [0m[0m[31m  ...[0m[0m
[0m[[0m[0minfo[0m] [0m[0mScalaTest[0m
[0m[[0m[0minfo[0m] [0m[0m[36mRun completed in 782 milliseconds.[0m[0m
[0m[[0m[0minfo[0m] [0m[0m[36mTotal number of tests run: 1[0m[0m
[0m[[0m[0minfo[0m] [0m[0m[36mSuites: completed 1, aborted 0[0m[0m
[0m[[0m[0minfo[0m] [0m[0m[36mTests: succeeded 0, failed 1, canceled 0, ignored 0, pending 0[0m[0m
[0m[[0m[0minfo[0m] [0m[0m[31m*** 1 TEST FAILED ***[0m[0m
[0m[[0m[31merror[0m] [0m[0mFailed: Total 1, Failed 1, Errors 0, Passed 0[0m
[0m[[0m[31merror[0m] [0m[0mFailed tests:[0m
[0m[[0m[31merror[0m] [0m[0m	cpu.CPUSpec[0m
[0m[[0m[31merror[0m] [0m[0m(Test / [31mtestOnly[0m) sbt.TestsFailedException: Tests unsuccessful[0m
[0m[[0m[31merror[0m] [0m[0mTotal time: 2 s, completed 20-11-2021 16:22:00[0m
[0m[[0m[0mdebug[0m] [0m[0m> Exec(idea-shell, None, None)[0m
